<?xml version="1.0" encoding="UTF-8"?>
<!-- Generated by org.testng.reporters.JUnitReportReporter -->
<testsuite hostname="LAPTOP-EDJ9L8P6" failures="0" tests="1" name="com.omrbranchapi.baseclass.Swagger" time="2.769" errors="0" timestamp="2024-07-02T10:05:45 IST" skipped="0">
  <testcase classname="com.omrbranchapi.baseclass.Swagger" name="login" time="2.769"/>
</testsuite> <!-- com.omrbranchapi.baseclass.Swagger -->
