<?xml version="1.0" encoding="UTF-8"?>
<!-- Generated by org.testng.reporters.JUnitReportReporter -->
<testsuite hostname="LAPTOP-EDJ9L8P6" failures="0" tests="1" name="com.serialization.Login_Output_Pojo" time="2.997" errors="0" timestamp="2024-07-02T12:44:06 IST" skipped="0">
  <testcase classname="com.serialization.Login_Output_Pojo" name="login" time="2.997"/>
</testsuite> <!-- com.serialization.Login_Output_Pojo -->
