<?xml version="1.0" encoding="UTF-8"?>
<!-- Generated by org.testng.reporters.JUnitReportReporter -->
<testsuite hostname="LAPTOP-EDJ9L8P6" failures="0" tests="6" name="com.omrbranchapi.baseclass.Sample" time="9.058" errors="0" timestamp="2024-07-01T11:58:58 IST" skipped="0">
  <testcase classname="com.omrbranchapi.baseclass.Sample" name="createFlight" time="3.076"/>
  <testcase classname="com.omrbranchapi.baseclass.Sample" name="updateFlightN" time="1.111"/>
  <testcase classname="com.omrbranchapi.baseclass.Sample" name="updateFlight" time="1.481"/>
  <testcase classname="com.omrbranchapi.baseclass.Sample" name="getSingleFlight" time="1.016"/>
  <testcase classname="com.omrbranchapi.baseclass.Sample" name="getListFlights" time="0.780"/>
  <testcase classname="com.omrbranchapi.baseclass.Sample" name="deleteFlight" time="1.594"/>
</testsuite> <!-- com.omrbranchapi.baseclass.Sample -->
