<?xml version="1.0" encoding="UTF-8"?>
<!-- Generated by org.testng.reporters.JUnitReportReporter -->
<testsuite hostname="LAPTOP-EDJ9L8P6" failures="0" tests="9" name="com.serialization.Sample" time="8.648" errors="0" timestamp="2024-07-05T10:25:31 IST" skipped="0">
  <testcase classname="com.serialization.Sample" name="login" time="2.303"/>
  <testcase classname="com.serialization.Sample" name="searchProduct" time="0.878"/>
  <testcase classname="com.serialization.Sample" name="stateList" time="0.745"/>
  <testcase classname="com.serialization.Sample" name="cityList" time="0.918"/>
  <testcase classname="com.serialization.Sample" name="addProfilePic" time="0.826"/>
  <testcase classname="com.serialization.Sample" name="addAddress" time="0.804"/>
  <testcase classname="com.serialization.Sample" name="updateAddress" time="0.784"/>
  <testcase classname="com.serialization.Sample" name="getUserAddress" time="0.774"/>
  <testcase classname="com.serialization.Sample" name="deleteAddress" time="0.616"/>
</testsuite> <!-- com.serialization.Sample -->
